[09-Feb-2016 22:40:37 UTC] PHP Parse error:  syntax error, unexpected 'echo' (T_ECHO), expecting ',' or ';' in /home/ubuntu/workspace/projects/project01/mad-lib.php on line 36
[09-Feb-2016 22:41:09 UTC] PHP Parse error:  syntax error, unexpected 'echo' (T_ECHO), expecting ',' or ';' in /home/ubuntu/workspace/projects/project01/mad-lib.php on line 36
[09-Feb-2016 22:41:20 UTC] PHP Parse error:  syntax error, unexpected 'echo' (T_ECHO), expecting ',' or ';' in /home/ubuntu/workspace/projects/project01/mad-lib.php on line 36
[09-Feb-2016 22:41:24 UTC] PHP Parse error:  syntax error, unexpected 'echo' (T_ECHO), expecting ',' or ';' in /home/ubuntu/workspace/projects/project01/mad-lib.php on line 36
[13-Feb-2016 17:00:35 UTC] PHP Warning:  Invalid argument supplied for foreach() in /home/ubuntu/workspace/projects/project01/mad-lib.php on line 89
[13-Feb-2016 17:00:35 UTC] PHP Stack trace:
[13-Feb-2016 17:00:35 UTC] PHP   1. {main}() /home/ubuntu/workspace/projects/project01/mad-lib.php:0
[13-Feb-2016 17:01:27 UTC] PHP Warning:  Invalid argument supplied for foreach() in /home/ubuntu/workspace/projects/project01/mad-lib.php on line 90
[13-Feb-2016 17:01:27 UTC] PHP Stack trace:
[13-Feb-2016 17:01:27 UTC] PHP   1. {main}() /home/ubuntu/workspace/projects/project01/mad-lib.php:0
[13-Feb-2016 17:02:01 UTC] PHP Warning:  Invalid argument supplied for foreach() in /home/ubuntu/workspace/projects/project01/mad-lib.php on line 90
[13-Feb-2016 17:02:01 UTC] PHP Stack trace:
[13-Feb-2016 17:02:01 UTC] PHP   1. {main}() /home/ubuntu/workspace/projects/project01/mad-lib.php:0
[13-Feb-2016 17:38:24 UTC] PHP Warning:  mysqli_close() expects parameter 1 to be mysqli, null given in /home/ubuntu/workspace/projects/project01/mad-lib.php on line 65
[13-Feb-2016 17:38:24 UTC] PHP Stack trace:
[13-Feb-2016 17:38:24 UTC] PHP   1. {main}() /home/ubuntu/workspace/projects/project01/mad-lib.php:0
[13-Feb-2016 17:38:24 UTC] PHP   2. mysqli_close(*uninitialized*) /home/ubuntu/workspace/projects/project01/mad-lib.php:65
[13-Feb-2016 17:39:47 UTC] PHP Parse error:  syntax error, unexpected 'inputs' (T_STRING) in /home/ubuntu/workspace/projects/project01/mad-lib.php on line 49
[13-Feb-2016 17:47:40 UTC] PHP Parse error:  syntax error, unexpected '}' in /home/ubuntu/workspace/projects/project01/mad-lib.php on line 60
[13-Feb-2016 18:13:20 UTC] PHP Parse error:  syntax error, unexpected end of file in /home/ubuntu/workspace/projects/project01/mad-lib.php on line 137
[13-Feb-2016 19:21:52 UTC] PHP Fatal error:  Call to undefined function length() in /home/ubuntu/workspace/projects/project01/mad-lib.php on line 58
[13-Feb-2016 19:21:52 UTC] PHP Stack trace:
[13-Feb-2016 19:21:52 UTC] PHP   1. {main}() /home/ubuntu/workspace/projects/project01/mad-lib.php:0
[13-Feb-2016 19:27:32 UTC] PHP Warning:  mysqli_query(): Couldn't fetch mysqli in /home/ubuntu/workspace/projects/project01/mad-lib.php on line 88
[13-Feb-2016 19:27:32 UTC] PHP Stack trace:
[13-Feb-2016 19:27:32 UTC] PHP   1. {main}() /home/ubuntu/workspace/projects/project01/mad-lib.php:0
[13-Feb-2016 19:27:32 UTC] PHP   2. mysqli_query(*uninitialized*, *uninitialized*) /home/ubuntu/workspace/projects/project01/mad-lib.php:88
[13-Feb-2016 19:58:36 UTC] PHP Warning:  mysqli_query() expects parameter 1 to be mysqli, null given in /home/ubuntu/workspace/projects/project01/mad-lib.php on line 133
[13-Feb-2016 19:58:36 UTC] PHP Stack trace:
[13-Feb-2016 19:58:36 UTC] PHP   1. {main}() /home/ubuntu/workspace/projects/project01/mad-lib.php:0
[13-Feb-2016 19:58:36 UTC] PHP   2. mysqli_query(*uninitialized*, *uninitialized*) /home/ubuntu/workspace/projects/project01/mad-lib.php:133
[13-Feb-2016 20:40:31 UTC] PHP Parse error:  syntax error, unexpected 'date' (T_STRING), expecting ',' or ';' in /home/ubuntu/workspace/projects/project01/mad-lib.php on line 138
[13-Feb-2016 21:08:09 UTC] PHP Parse error:  syntax error, unexpected '}', expecting ',' or ';' in /home/ubuntu/workspace/projects/project01/mad-lib.php on line 143
