[17-Apr-2016 18:59:59 UTC] PHP Warning:  mysqli_connect(): php_network_getaddresses: getaddrinfo failed: Name or service not known in /home/ubuntu/workspace/labs/wk13/ch11/guitarwars/index.php on line 19
[17-Apr-2016 18:59:59 UTC] PHP Stack trace:
[17-Apr-2016 18:59:59 UTC] PHP   1. {main}() /home/ubuntu/workspace/labs/wk13/ch11/guitarwars/index.php:0
[17-Apr-2016 18:59:59 UTC] PHP   2. mysqli_connect(*uninitialized*, *uninitialized*, *uninitialized*, *uninitialized*) /home/ubuntu/workspace/labs/wk13/ch11/guitarwars/index.php:19
[17-Apr-2016 18:59:59 UTC] PHP Warning:  mysqli_connect(): (HY000/2002): php_network_getaddresses: getaddrinfo failed: Name or service not known in /home/ubuntu/workspace/labs/wk13/ch11/guitarwars/index.php on line 19
[17-Apr-2016 18:59:59 UTC] PHP Stack trace:
[17-Apr-2016 18:59:59 UTC] PHP   1. {main}() /home/ubuntu/workspace/labs/wk13/ch11/guitarwars/index.php:0
[17-Apr-2016 18:59:59 UTC] PHP   2. mysqli_connect(*uninitialized*, *uninitialized*, *uninitialized*, *uninitialized*) /home/ubuntu/workspace/labs/wk13/ch11/guitarwars/index.php:19
[17-Apr-2016 18:59:59 UTC] PHP Warning:  mysqli_query() expects parameter 1 to be mysqli, boolean given in /home/ubuntu/workspace/labs/wk13/ch11/guitarwars/index.php on line 23
[17-Apr-2016 18:59:59 UTC] PHP Stack trace:
[17-Apr-2016 18:59:59 UTC] PHP   1. {main}() /home/ubuntu/workspace/labs/wk13/ch11/guitarwars/index.php:0
[17-Apr-2016 18:59:59 UTC] PHP   2. mysqli_query(*uninitialized*, *uninitialized*) /home/ubuntu/workspace/labs/wk13/ch11/guitarwars/index.php:23
[17-Apr-2016 18:59:59 UTC] PHP Warning:  mysqli_fetch_array() expects parameter 1 to be mysqli_result, null given in /home/ubuntu/workspace/labs/wk13/ch11/guitarwars/index.php on line 28
[17-Apr-2016 18:59:59 UTC] PHP Stack trace:
[17-Apr-2016 18:59:59 UTC] PHP   1. {main}() /home/ubuntu/workspace/labs/wk13/ch11/guitarwars/index.php:0
[17-Apr-2016 18:59:59 UTC] PHP   2. mysqli_fetch_array(*uninitialized*) /home/ubuntu/workspace/labs/wk13/ch11/guitarwars/index.php:28
[17-Apr-2016 18:59:59 UTC] PHP Warning:  mysqli_close() expects parameter 1 to be mysqli, boolean given in /home/ubuntu/workspace/labs/wk13/ch11/guitarwars/index.php on line 47
[17-Apr-2016 18:59:59 UTC] PHP Stack trace:
[17-Apr-2016 18:59:59 UTC] PHP   1. {main}() /home/ubuntu/workspace/labs/wk13/ch11/guitarwars/index.php:0
[17-Apr-2016 18:59:59 UTC] PHP   2. mysqli_close(*uninitialized*) /home/ubuntu/workspace/labs/wk13/ch11/guitarwars/index.php:47
[17-Apr-2016 19:08:26 UTC] PHP Warning:  require_once(connectvars.php): failed to open stream: No such file or directory in /home/ubuntu/workspace/labs/wk13/ch11/guitarwars/index.php on line 16
[17-Apr-2016 19:08:26 UTC] PHP Stack trace:
[17-Apr-2016 19:08:26 UTC] PHP   1. {main}() /home/ubuntu/workspace/labs/wk13/ch11/guitarwars/index.php:0
[17-Apr-2016 19:08:26 UTC] PHP Fatal error:  require_once(): Failed opening required 'connectvars.php' (include_path='.:/usr/share/php:/usr/share/pear') in /home/ubuntu/workspace/labs/wk13/ch11/guitarwars/index.php on line 16
[17-Apr-2016 19:08:26 UTC] PHP Stack trace:
[17-Apr-2016 19:08:26 UTC] PHP   1. {main}() /home/ubuntu/workspace/labs/wk13/ch11/guitarwars/index.php:0
[17-Apr-2016 19:12:09 UTC] PHP Fatal error:  Call to undefined function SHA() in /home/ubuntu/workspace/labs/wk13/ch11/guitarwars/captcha.php on line 16
[17-Apr-2016 19:12:09 UTC] PHP Stack trace:
[17-Apr-2016 19:12:09 UTC] PHP   1. {main}() /home/ubuntu/workspace/labs/wk13/ch11/guitarwars/captcha.php:0
[17-Apr-2016 19:13:31 UTC] PHP Fatal error:  Call to undefined function SHA() in /home/ubuntu/workspace/labs/wk13/ch11/guitarwars/captcha.php on line 16
[17-Apr-2016 19:13:31 UTC] PHP Stack trace:
[17-Apr-2016 19:13:31 UTC] PHP   1. {main}() /home/ubuntu/workspace/labs/wk13/ch11/guitarwars/captcha.php:0
[17-Apr-2016 19:20:18 UTC] PHP Fatal error:  Call to undefined function SHA() in /home/ubuntu/workspace/labs/wk13/ch11/guitarwars/captcha.php on line 16
[17-Apr-2016 19:20:18 UTC] PHP Stack trace:
[17-Apr-2016 19:20:18 UTC] PHP   1. {main}() /home/ubuntu/workspace/labs/wk13/ch11/guitarwars/captcha.php:0
[17-Apr-2016 19:20:28 UTC] PHP Fatal error:  Call to undefined function SHA() in /home/ubuntu/workspace/labs/wk13/ch11/guitarwars/captcha.php on line 16
[17-Apr-2016 19:20:28 UTC] PHP Stack trace:
[17-Apr-2016 19:20:28 UTC] PHP   1. {main}() /home/ubuntu/workspace/labs/wk13/ch11/guitarwars/captcha.php:0
[17-Apr-2016 19:21:07 UTC] PHP Fatal error:  Call to undefined function SHA() in /home/ubuntu/workspace/labs/wk13/ch11/guitarwars/addscore.php on line 32
[17-Apr-2016 19:21:07 UTC] PHP Stack trace:
[17-Apr-2016 19:21:07 UTC] PHP   1. {main}() /home/ubuntu/workspace/labs/wk13/ch11/guitarwars/addscore.php:0
[17-Apr-2016 19:22:48 UTC] PHP Fatal error:  Call to undefined function SHA() in /home/ubuntu/workspace/labs/wk13/ch11/guitarwars/captcha.php on line 16
[17-Apr-2016 19:22:48 UTC] PHP Stack trace:
[17-Apr-2016 19:22:48 UTC] PHP   1. {main}() /home/ubuntu/workspace/labs/wk13/ch11/guitarwars/captcha.php:0
[17-Apr-2016 19:25:59 UTC] PHP Fatal error:  Call to undefined function SHA() in /home/ubuntu/workspace/labs/wk13/ch11/guitarwars/captcha.php on line 16
[17-Apr-2016 19:25:59 UTC] PHP Stack trace:
[17-Apr-2016 19:25:59 UTC] PHP   1. {main}() /home/ubuntu/workspace/labs/wk13/ch11/guitarwars/captcha.php:0
[17-Apr-2016 19:29:15 UTC] PHP Warning:  imagettftext(): Could not find/open font in /home/ubuntu/workspace/labs/wk13/ch11/guitarwars/captcha.php on line 40
[17-Apr-2016 19:29:15 UTC] PHP Stack trace:
[17-Apr-2016 19:29:15 UTC] PHP   1. {main}() /home/ubuntu/workspace/labs/wk13/ch11/guitarwars/captcha.php:0
[17-Apr-2016 19:29:15 UTC] PHP   2. imagettftext(*uninitialized*, *uninitialized*, *uninitialized*, *uninitialized*, *uninitialized*, *uninitialized*, *uninitialized*, *uninitialized*) /home/ubuntu/workspace/labs/wk13/ch11/guitarwars/captcha.php:40
[17-Apr-2016 19:30:32 UTC] PHP Warning:  imagettftext(): Could not find/open font in /home/ubuntu/workspace/labs/wk13/ch11/guitarwars/captcha.php on line 41
[17-Apr-2016 19:30:32 UTC] PHP Stack trace:
[17-Apr-2016 19:30:32 UTC] PHP   1. {main}() /home/ubuntu/workspace/labs/wk13/ch11/guitarwars/captcha.php:0
[17-Apr-2016 19:30:32 UTC] PHP   2. imagettftext(*uninitialized*, *uninitialized*, *uninitialized*, *uninitialized*, *uninitialized*, *uninitialized*, *uninitialized*, *uninitialized*) /home/ubuntu/workspace/labs/wk13/ch11/guitarwars/captcha.php:41
[17-Apr-2016 19:30:38 UTC] PHP Warning:  imagettftext(): Could not find/open font in /home/ubuntu/workspace/labs/wk13/ch11/guitarwars/captcha.php on line 41
[17-Apr-2016 19:30:38 UTC] PHP Stack trace:
[17-Apr-2016 19:30:38 UTC] PHP   1. {main}() /home/ubuntu/workspace/labs/wk13/ch11/guitarwars/captcha.php:0
[17-Apr-2016 19:30:38 UTC] PHP   2. imagettftext(*uninitialized*, *uninitialized*, *uninitialized*, *uninitialized*, *uninitialized*, *uninitialized*, *uninitialized*, *uninitialized*) /home/ubuntu/workspace/labs/wk13/ch11/guitarwars/captcha.php:41
[17-Apr-2016 19:30:48 UTC] PHP Warning:  imagettftext(): Could not find/open font in /home/ubuntu/workspace/labs/wk13/ch11/guitarwars/captcha.php on line 41
[17-Apr-2016 19:30:48 UTC] PHP Stack trace:
[17-Apr-2016 19:30:48 UTC] PHP   1. {main}() /home/ubuntu/workspace/labs/wk13/ch11/guitarwars/captcha.php:0
[17-Apr-2016 19:30:48 UTC] PHP   2. imagettftext(*uninitialized*, *uninitialized*, *uninitialized*, *uninitialized*, *uninitialized*, *uninitialized*, *uninitialized*, *uninitialized*) /home/ubuntu/workspace/labs/wk13/ch11/guitarwars/captcha.php:41
[17-Apr-2016 19:31:18 UTC] PHP Warning:  log() expects parameter 1 to be double, string given in /home/ubuntu/workspace/labs/wk13/ch11/guitarwars/captcha.php on line 17
[17-Apr-2016 19:31:18 UTC] PHP Stack trace:
[17-Apr-2016 19:31:18 UTC] PHP   1. {main}() /home/ubuntu/workspace/labs/wk13/ch11/guitarwars/captcha.php:0
[17-Apr-2016 19:31:18 UTC] PHP   2. log(*uninitialized*) /home/ubuntu/workspace/labs/wk13/ch11/guitarwars/captcha.php:17
[17-Apr-2016 19:31:18 UTC] PHP Warning:  imagettftext(): Could not find/open font in /home/ubuntu/workspace/labs/wk13/ch11/guitarwars/captcha.php on line 41
[17-Apr-2016 19:31:18 UTC] PHP Stack trace:
[17-Apr-2016 19:31:18 UTC] PHP   1. {main}() /home/ubuntu/workspace/labs/wk13/ch11/guitarwars/captcha.php:0
[17-Apr-2016 19:31:18 UTC] PHP   2. imagettftext(*uninitialized*, *uninitialized*, *uninitialized*, *uninitialized*, *uninitialized*, *uninitialized*, *uninitialized*, *uninitialized*) /home/ubuntu/workspace/labs/wk13/ch11/guitarwars/captcha.php:41
[17-Apr-2016 19:31:29 UTC] PHP Warning:  log() expects parameter 1 to be double, string given in /home/ubuntu/workspace/labs/wk13/ch11/guitarwars/captcha.php on line 17
[17-Apr-2016 19:31:29 UTC] PHP Stack trace:
[17-Apr-2016 19:31:29 UTC] PHP   1. {main}() /home/ubuntu/workspace/labs/wk13/ch11/guitarwars/captcha.php:0
[17-Apr-2016 19:31:29 UTC] PHP   2. log(*uninitialized*) /home/ubuntu/workspace/labs/wk13/ch11/guitarwars/captcha.php:17
[17-Apr-2016 19:31:29 UTC] PHP Warning:  imagettftext(): Could not find/open font in /home/ubuntu/workspace/labs/wk13/ch11/guitarwars/captcha.php on line 41
[17-Apr-2016 19:31:29 UTC] PHP Stack trace:
[17-Apr-2016 19:31:29 UTC] PHP   1. {main}() /home/ubuntu/workspace/labs/wk13/ch11/guitarwars/captcha.php:0
[17-Apr-2016 19:31:29 UTC] PHP   2. imagettftext(*uninitialized*, *uninitialized*, *uninitialized*, *uninitialized*, *uninitialized*, *uninitialized*, *uninitialized*, *uninitialized*) /home/ubuntu/workspace/labs/wk13/ch11/guitarwars/captcha.php:41
[17-Apr-2016 19:32:34 UTC] PHP Warning:  log() expects parameter 1 to be double, string given in /home/ubuntu/workspace/labs/wk13/ch11/guitarwars/captcha.php on line 16
[17-Apr-2016 19:32:34 UTC] PHP Stack trace:
[17-Apr-2016 19:32:34 UTC] PHP   1. {main}() /home/ubuntu/workspace/labs/wk13/ch11/guitarwars/captcha.php:0
[17-Apr-2016 19:32:34 UTC] PHP   2. log(*uninitialized*) /home/ubuntu/workspace/labs/wk13/ch11/guitarwars/captcha.php:16
[17-Apr-2016 19:32:34 UTC] PHP Warning:  imagettftext(): Could not find/open font in /home/ubuntu/workspace/labs/wk13/ch11/guitarwars/captcha.php on line 43
[17-Apr-2016 19:32:34 UTC] PHP Stack trace:
[17-Apr-2016 19:32:34 UTC] PHP   1. {main}() /home/ubuntu/workspace/labs/wk13/ch11/guitarwars/captcha.php:0
[17-Apr-2016 19:32:34 UTC] PHP   2. imagettftext(*uninitialized*, *uninitialized*, *uninitialized*, *uninitialized*, *uninitialized*, *uninitialized*, *uninitialized*, *uninitialized*) /home/ubuntu/workspace/labs/wk13/ch11/guitarwars/captcha.php:43
[17-Apr-2016 19:33:22 UTC] PHP Warning:  imagettftext(): Could not find/open font in /home/ubuntu/workspace/labs/wk13/ch11/guitarwars/captcha.php on line 41
[17-Apr-2016 19:33:22 UTC] PHP Stack trace:
[17-Apr-2016 19:33:22 UTC] PHP   1. {main}() /home/ubuntu/workspace/labs/wk13/ch11/guitarwars/captcha.php:0
[17-Apr-2016 19:33:22 UTC] PHP   2. imagettftext(*uninitialized*, *uninitialized*, *uninitialized*, *uninitialized*, *uninitialized*, *uninitialized*, *uninitialized*, *uninitialized*) /home/ubuntu/workspace/labs/wk13/ch11/guitarwars/captcha.php:41
[17-Apr-2016 19:35:38 UTC] PHP Warning:  imagettftext(): Could not find/open font in /home/ubuntu/workspace/labs/wk13/ch11/guitarwars/captcha.php on line 41
[17-Apr-2016 19:35:38 UTC] PHP Stack trace:
[17-Apr-2016 19:35:38 UTC] PHP   1. {main}() /home/ubuntu/workspace/labs/wk13/ch11/guitarwars/captcha.php:0
[17-Apr-2016 19:35:38 UTC] PHP   2. imagettftext(*uninitialized*, *uninitialized*, *uninitialized*, *uninitialized*, *uninitialized*, *uninitialized*, *uninitialized*, *uninitialized*) /home/ubuntu/workspace/labs/wk13/ch11/guitarwars/captcha.php:41
[17-Apr-2016 19:38:08 UTC] PHP Warning:  imagettftext(): Could not find/open font in /home/ubuntu/workspace/labs/wk13/ch11/guitarwars/captcha.php on line 41
[17-Apr-2016 19:38:08 UTC] PHP Stack trace:
[17-Apr-2016 19:38:08 UTC] PHP   1. {main}() /home/ubuntu/workspace/labs/wk13/ch11/guitarwars/captcha.php:0
[17-Apr-2016 19:38:08 UTC] PHP   2. imagettftext(*uninitialized*, *uninitialized*, *uninitialized*, *uninitialized*, *uninitialized*, *uninitialized*, *uninitialized*, *uninitialized*) /home/ubuntu/workspace/labs/wk13/ch11/guitarwars/captcha.php:41
[17-Apr-2016 19:39:28 UTC] PHP Warning:  imagettftext(): Could not find/open font in /home/ubuntu/workspace/labs/wk13/ch11/guitarwars/captcha.php on line 41
[17-Apr-2016 19:39:28 UTC] PHP Stack trace:
[17-Apr-2016 19:39:28 UTC] PHP   1. {main}() /home/ubuntu/workspace/labs/wk13/ch11/guitarwars/captcha.php:0
[17-Apr-2016 19:39:28 UTC] PHP   2. imagettftext(*uninitialized*, *uninitialized*, *uninitialized*, *uninitialized*, *uninitialized*, *uninitialized*, *uninitialized*, *uninitialized*) /home/ubuntu/workspace/labs/wk13/ch11/guitarwars/captcha.php:41
[17-Apr-2016 19:41:13 UTC] PHP Fatal error:  Call to undefined function SHA() in /home/ubuntu/workspace/labs/wk13/ch11/guitarwars/addscore.php on line 32
[17-Apr-2016 19:41:13 UTC] PHP Stack trace:
[17-Apr-2016 19:41:13 UTC] PHP   1. {main}() /home/ubuntu/workspace/labs/wk13/ch11/guitarwars/addscore.php:0
[17-Apr-2016 19:54:24 UTC] PHP Warning:  require_once(connectvars13.php): failed to open stream: No such file or directory in /home/ubuntu/workspace/labs/wk13/ch11/mismatch/index.php on line 10
[17-Apr-2016 19:54:24 UTC] PHP Stack trace:
[17-Apr-2016 19:54:24 UTC] PHP   1. {main}() /home/ubuntu/workspace/labs/wk13/ch11/mismatch/index.php:0
[17-Apr-2016 19:54:24 UTC] PHP Fatal error:  require_once(): Failed opening required 'connectvars13.php' (include_path='.:/usr/share/php:/usr/share/pear') in /home/ubuntu/workspace/labs/wk13/ch11/mismatch/index.php on line 10
[17-Apr-2016 19:54:24 UTC] PHP Stack trace:
[17-Apr-2016 19:54:24 UTC] PHP   1. {main}() /home/ubuntu/workspace/labs/wk13/ch11/mismatch/index.php:0
